<?xml version="1.0" encoding="UTF-8"?>
<testsuite xmlns:xsi="http://www.w3.org/2001/XMLSchema-instance" xsi:noNamespaceSchemaLocation="https://maven.apache.org/surefire/maven-surefire-plugin/xsd/surefire-test-report-3.0.xsd" version="3.0" name="services.UserServiceTest" time="0.198" tests="3" errors="0" skipped="0" failures="0">
  <properties>
[...]
</properties>
  <testcase name="testCreateUser_WhenLastNameIsEmpty_ThrowsIllegalException" classname="services.UserServiceTest" time="0.061"/>
  <testcase name="testCreateUser_WhenDetailIsProvide_ReturnUserObject" classname="services.UserServiceTest" time="0.095"/>
  <testcase name="testCreateUser_WhenFirstNameIsEmpty_ThrowsIllegalException" classname="services.UserServiceTest" time="0.002"/>
</testsuite>